#
# A fatal error has been detected by the Java Runtime Environment:
#
#  SIGSEGV (0xb) at pc=0x00007fff90375fc9, pid=3615, tid=21255
#
# JRE version: Java(TM) SE Runtime Environment (8.0-b132) (build 1.8.0-b132)
# Java VM: Java HotSpot(TM) 64-Bit Server VM (25.0-b70 mixed mode bsd-amd64 compressed oops)
# Problematic frame:
# C  [libsystem_platform.dylib+0x4fc9]  _platform_memmove$VARIANT$Unknown+0x29
#
# Failed to write core dump. Core dumps have been disabled. To enable core dumping, try "ulimit -c unlimited" before starting Java again
#
# If you would like to submit a bug report, please visit:
#   http://bugreport.sun.com/bugreport/crash.jsp
# The crash happened outside the Java Virtual Machine in native code.
# See problematic frame for where to report the bug.
#

---------------  T H R E A D  ---------------

Current thread (0x00007fd2fa926000):  JavaThread "RMI TCP Connection(6)-169.231.134.254" daemon [_thread_in_native, id=21255, stack(0x0000000121843000,0x0000000121943000)]

siginfo:si_signo=SIGSEGV: si_errno=0, si_code=1 (SEGV_MAPERR), si_addr=0x000000011f5c7000

Registers:
RAX=0x00007fd2fa861402, RBX=0x000000011f5c63bc, RCX=0x00000000000097ea, RDX=0x000000000000a400
RSP=0x000000012193f410, RBP=0x000000012193f410, RSI=0x000000011f5c7000, RDI=0x00007fd2fa862018
R8 =0x0000000000000000, R9 =0x000000000000002d, R10=0x00000000abd46691, R11=0x00007fd1db29b018
R12=0x0000000000000000, R13=0x0000000069746163, R14=0x0000000000000000, R15=0x000000000000a400
RIP=0x00007fff90375fc9, EFLAGS=0x0000000000010206, ERR=0x0000000000000004
  TRAPNO=0x000000000000000e

Top of Stack: (sp=0x000000012193f410)
0x000000012193f410:   000000012193f480 00000001094031ac
0x000000012193f420:   000000002193f870 00000000000000a4
0x000000012193f430:   0000000000008d81 00007fd2f9f38940
0x000000012193f440:   0000000000000000 00007fd2f9c21cf0
0x000000012193f450:   00007fd2f9f37f50 000000005898ecd2
0x000000012193f460:   0000000000000120 00007fd2f9c21e30
0x000000012193f470:   00007fd2f9c21cf0 00007fd2f9c389e0
0x000000012193f480:   000000012193f4d0 0000000109403654
0x000000012193f490:   0000000000000030 00000030fa926000
0x000000012193f4a0:   000000012193f4ee 000000012193f9b8
0x000000012193f4b0:   0000000000000030 000000012193f4ee
0x000000012193f4c0:   00007fd2f9c21cf0 00007fd2fa9261e0
0x000000012193f4d0:   000000012193f920 000000010940249f
0x000000012193f4e0:   00007fd21db339f8 7061000100000001
0x000000012193f4f0:   6f69746163696c70 696c6375652f736e
0x000000012193f500:   2f7073746e616564 6c6375456b736154
0x000000012193f510:   7073546e61656469 00007373616c632e
0x000000012193f520:   00000001081678e4 0000000000000007
0x000000012193f530:   000000012193f960 00007fff8717d06d
0x000000012193f540:   000000001db32718 00000007c0035b30
0x000000012193f550:   00000007c0035b30 000000071db339b8
0x000000012193f560:   000000011d9e6f30 000000001dbac080
0x000000012193f570:   000000012193f5a0 000000011db2f008
0x000000012193f580:   00007fd21db9c838 0000000000000400
0x000000012193f590:   00000007c0035b30 000000071dbabfe0
0x000000012193f5a0:   000000011dbac060 0000000408060138
0x000000012193f5b0:   0000000000000001 00000001081678b0
0x000000012193f5c0:   fffffffcc000e0c8 0000000000000001
0x000000012193f5d0:   00007fff871bd9a9 00000000000000b9
0x000000012193f5e0:   0000000000000001 0000000000000001
0x000000012193f5f0:   00007fff871bbd40 0000000000000000
0x000000012193f600:   00000000000004e0 000000011db8c740 

Instructions: (pc=0x00007fff90375fc9)
0x00007fff90375fa9:   f3 48 89 f8 49 39 d3 72 1b 48 83 fa 60 76 2f 48
0x00007fff90375fb9:   81 fa 00 40 00 00 0f 82 bb 00 00 00 48 89 d1 fc
0x00007fff90375fc9:   f3 a4 5d c3 48 39 fe 74 f9 48 01 d6 48 01 d7 48
0x00007fff90375fd9:   83 fa 60 0f 82 5c 01 00 00 e9 79 01 00 00 48 83 

Register to memory mapping:

RAX=0x00007fd2fa861402 is an unknown value
RBX=0x000000011f5c63bc is an unknown value
RCX=0x00000000000097ea is an unknown value
RDX=0x000000000000a400 is an unknown value
RSP=0x000000012193f410 is pointing into the stack for thread: 0x00007fd2fa926000
RBP=0x000000012193f410 is pointing into the stack for thread: 0x00007fd2fa926000
RSI=0x000000011f5c7000 is an unknown value
RDI=0x00007fd2fa862018 is an unknown value
R8 =0x0000000000000000 is an unknown value
R9 =0x000000000000002d is an unknown value
R10=0x00000000abd46691 is an unknown value
R11=0x00007fd1db29b018 is an unknown value
R12=0x0000000000000000 is an unknown value
R13=0x0000000069746163 is an unknown value
R14=0x0000000000000000 is an unknown value
R15=0x000000000000a400 is an unknown value


Stack: [0x0000000121843000,0x0000000121943000],  sp=0x000000012193f410,  free space=1009k
Native frames: (J=compiled Java code, j=interpreted, Vv=VM code, C=native code)
C  [libsystem_platform.dylib+0x4fc9]  _platform_memmove$VARIANT$Unknown+0x29
C  [libzip.dylib+0x31ac]  newEntry+0x31a
C  [libzip.dylib+0x3654]  ZIP_GetEntry+0xa2
C  [libzip.dylib+0x249f]  Java_java_util_zip_ZipFile_getEntry+0xdd
j  java.util.zip.ZipFile.getEntry(J[BZ)J+0
j  java.util.zip.ZipFile.getEntry(Ljava/lang/String;)Ljava/util/zip/ZipEntry;+38
J 207 C1 sun.misc.URLClassPath$JarLoader.getResource(Ljava/lang/String;Z)Lsun/misc/Resource; (85 bytes) @ 0x0000000109579864 [0x00000001095794a0+0x3c4]
j  sun.misc.URLClassPath.getResource(Ljava/lang/String;Z)Lsun/misc/Resource;+53
j  java.net.URLClassLoader$1.run()Ljava/lang/Class;+26
j  java.net.URLClassLoader$1.run()Ljava/lang/Object;+1
v  ~StubRoutines::call_stub
V  [libjvm.dylib+0x2c54fa]
V  [libjvm.dylib+0x31ac86]
j  java.security.AccessController.doPrivileged(Ljava/security/PrivilegedExceptionAction;Ljava/security/AccessControlContext;)Ljava/lang/Object;+0
j  java.net.URLClassLoader.findClass(Ljava/lang/String;)Ljava/lang/Class;+13
j  java.lang.ClassLoader.loadClass(Ljava/lang/String;Z)Ljava/lang/Class;+70
j  sun.misc.Launcher$AppClassLoader.loadClass(Ljava/lang/String;Z)Ljava/lang/Class;+36
j  java.lang.ClassLoader.loadClass(Ljava/lang/String;Z)Ljava/lang/Class;+38
j  sun.rmi.server.LoaderHandler$Loader.loadClass(Ljava/lang/String;Z)Ljava/lang/Class;+14
j  java.lang.ClassLoader.loadClass(Ljava/lang/String;)Ljava/lang/Class;+3
v  ~StubRoutines::call_stub
V  [libjvm.dylib+0x2c54fa]
V  [libjvm.dylib+0x2c5c88]
V  [libjvm.dylib+0x2c5de0]
V  [libjvm.dylib+0x4f0608]
V  [libjvm.dylib+0x4efcfb]
V  [libjvm.dylib+0x4f0824]
V  [libjvm.dylib+0x4f0d01]
V  [libjvm.dylib+0x312a65]
V  [libjvm.dylib+0x31cb4e]
C  [libjava.dylib+0x178f]  Java_java_lang_Class_forName0+0x131
j  java.lang.Class.forName0(Ljava/lang/String;ZLjava/lang/ClassLoader;)Ljava/lang/Class;+0
j  java.lang.Class.forName(Ljava/lang/String;ZLjava/lang/ClassLoader;)Ljava/lang/Class;+41
j  sun.rmi.server.LoaderHandler.loadClassForName(Ljava/lang/String;ZLjava/lang/ClassLoader;)Ljava/lang/Class;+11
j  sun.rmi.server.LoaderHandler.loadClass([Ljava/net/URL;Ljava/lang/String;)Ljava/lang/Class;+407
j  sun.rmi.server.LoaderHandler.loadClass(Ljava/lang/String;Ljava/lang/String;Ljava/lang/ClassLoader;)Ljava/lang/Class;+192
j  java.rmi.server.RMIClassLoader$2.loadClass(Ljava/lang/String;Ljava/lang/String;Ljava/lang/ClassLoader;)Ljava/lang/Class;+3
j  java.rmi.server.RMIClassLoader.loadClass(Ljava/lang/String;Ljava/lang/String;Ljava/lang/ClassLoader;)Ljava/lang/Class;+6
j  sun.rmi.server.MarshalInputStream.resolveClass(Ljava/io/ObjectStreamClass;)Ljava/lang/Class;+54
j  java.io.ObjectInputStream.readNonProxyDesc(Z)Ljava/io/ObjectStreamClass;+108
j  java.io.ObjectInputStream.readClassDesc(Z)Ljava/io/ObjectStreamClass;+77
j  java.io.ObjectInputStream.readOrdinaryObject(Z)Ljava/lang/Object;+22
j  java.io.ObjectInputStream.readObject0(Z)Ljava/lang/Object;+389
j  java.io.ObjectInputStream.readObject()Ljava/lang/Object;+19
j  sun.rmi.server.UnicastRef.unmarshalValue(Ljava/lang/Class;Ljava/io/ObjectInput;)Ljava/lang/Object;+171
j  sun.rmi.server.UnicastServerRef.dispatch(Ljava/rmi/Remote;Ljava/rmi/server/RemoteCall;)V+179
j  sun.rmi.transport.Transport$1.run()Ljava/lang/Void;+23
j  sun.rmi.transport.Transport$1.run()Ljava/lang/Object;+1
v  ~StubRoutines::call_stub
V  [libjvm.dylib+0x2c54fa]
V  [libjvm.dylib+0x31ac86]
j  java.security.AccessController.doPrivileged(Ljava/security/PrivilegedExceptionAction;Ljava/security/AccessControlContext;)Ljava/lang/Object;+0
j  sun.rmi.transport.Transport.serviceCall(Ljava/rmi/server/RemoteCall;)Z+163
j  sun.rmi.transport.tcp.TCPTransport.handleMessages(Lsun/rmi/transport/Connection;Z)V+185
j  sun.rmi.transport.tcp.TCPTransport$ConnectionHandler.run0()V+685
j  sun.rmi.transport.tcp.TCPTransport$ConnectionHandler.run()V+50
j  java.util.concurrent.ThreadPoolExecutor.runWorker(Ljava/util/concurrent/ThreadPoolExecutor$Worker;)V+95
j  java.util.concurrent.ThreadPoolExecutor$Worker.run()V+5
j  java.lang.Thread.run()V+11
v  ~StubRoutines::call_stub
V  [libjvm.dylib+0x2c54fa]
V  [libjvm.dylib+0x2c5c88]
V  [libjvm.dylib+0x2c5e34]
V  [libjvm.dylib+0x31561b]
V  [libjvm.dylib+0x51d005]
V  [libjvm.dylib+0x51e742]
V  [libjvm.dylib+0x445786]
C  [libsystem_pthread.dylib+0x3268]  _pthread_body+0x83
C  [libsystem_pthread.dylib+0x31e5]  _pthread_body+0x0
C  [libsystem_pthread.dylib+0x141d]  thread_start+0xd

Java frames: (J=compiled Java code, j=interpreted, Vv=VM code)
j  java.util.zip.ZipFile.getEntry(J[BZ)J+0
j  java.util.zip.ZipFile.getEntry(Ljava/lang/String;)Ljava/util/zip/ZipEntry;+38
J 207 C1 sun.misc.URLClassPath$JarLoader.getResource(Ljava/lang/String;Z)Lsun/misc/Resource; (85 bytes) @ 0x0000000109579864 [0x00000001095794a0+0x3c4]
j  sun.misc.URLClassPath.getResource(Ljava/lang/String;Z)Lsun/misc/Resource;+53
j  java.net.URLClassLoader$1.run()Ljava/lang/Class;+26
j  java.net.URLClassLoader$1.run()Ljava/lang/Object;+1
v  ~StubRoutines::call_stub
j  java.security.AccessController.doPrivileged(Ljava/security/PrivilegedExceptionAction;Ljava/security/AccessControlContext;)Ljava/lang/Object;+0
j  java.net.URLClassLoader.findClass(Ljava/lang/String;)Ljava/lang/Class;+13
j  java.lang.ClassLoader.loadClass(Ljava/lang/String;Z)Ljava/lang/Class;+70
j  sun.misc.Launcher$AppClassLoader.loadClass(Ljava/lang/String;Z)Ljava/lang/Class;+36
j  java.lang.ClassLoader.loadClass(Ljava/lang/String;Z)Ljava/lang/Class;+38
j  sun.rmi.server.LoaderHandler$Loader.loadClass(Ljava/lang/String;Z)Ljava/lang/Class;+14
j  java.lang.ClassLoader.loadClass(Ljava/lang/String;)Ljava/lang/Class;+3
v  ~StubRoutines::call_stub
j  java.lang.Class.forName0(Ljava/lang/String;ZLjava/lang/ClassLoader;)Ljava/lang/Class;+0
j  java.lang.Class.forName(Ljava/lang/String;ZLjava/lang/ClassLoader;)Ljava/lang/Class;+41
j  sun.rmi.server.LoaderHandler.loadClassForName(Ljava/lang/String;ZLjava/lang/ClassLoader;)Ljava/lang/Class;+11
j  sun.rmi.server.LoaderHandler.loadClass([Ljava/net/URL;Ljava/lang/String;)Ljava/lang/Class;+407
j  sun.rmi.server.LoaderHandler.loadClass(Ljava/lang/String;Ljava/lang/String;Ljava/lang/ClassLoader;)Ljava/lang/Class;+192
j  java.rmi.server.RMIClassLoader$2.loadClass(Ljava/lang/String;Ljava/lang/String;Ljava/lang/ClassLoader;)Ljava/lang/Class;+3
j  java.rmi.server.RMIClassLoader.loadClass(Ljava/lang/String;Ljava/lang/String;Ljava/lang/ClassLoader;)Ljava/lang/Class;+6
j  sun.rmi.server.MarshalInputStream.resolveClass(Ljava/io/ObjectStreamClass;)Ljava/lang/Class;+54
j  java.io.ObjectInputStream.readNonProxyDesc(Z)Ljava/io/ObjectStreamClass;+108
j  java.io.ObjectInputStream.readClassDesc(Z)Ljava/io/ObjectStreamClass;+77
j  java.io.ObjectInputStream.readOrdinaryObject(Z)Ljava/lang/Object;+22
j  java.io.ObjectInputStream.readObject0(Z)Ljava/lang/Object;+389
j  java.io.ObjectInputStream.readObject()Ljava/lang/Object;+19
j  sun.rmi.server.UnicastRef.unmarshalValue(Ljava/lang/Class;Ljava/io/ObjectInput;)Ljava/lang/Object;+171
j  sun.rmi.server.UnicastServerRef.dispatch(Ljava/rmi/Remote;Ljava/rmi/server/RemoteCall;)V+179
j  sun.rmi.transport.Transport$1.run()Ljava/lang/Void;+23
j  sun.rmi.transport.Transport$1.run()Ljava/lang/Object;+1
v  ~StubRoutines::call_stub
j  java.security.AccessController.doPrivileged(Ljava/security/PrivilegedExceptionAction;Ljava/security/AccessControlContext;)Ljava/lang/Object;+0
j  sun.rmi.transport.Transport.serviceCall(Ljava/rmi/server/RemoteCall;)Z+163
j  sun.rmi.transport.tcp.TCPTransport.handleMessages(Lsun/rmi/transport/Connection;Z)V+185
j  sun.rmi.transport.tcp.TCPTransport$ConnectionHandler.run0()V+685
j  sun.rmi.transport.tcp.TCPTransport$ConnectionHandler.run()V+50
j  java.util.concurrent.ThreadPoolExecutor.runWorker(Ljava/util/concurrent/ThreadPoolExecutor$Worker;)V+95
j  java.util.concurrent.ThreadPoolExecutor$Worker.run()V+5
j  java.lang.Thread.run()V+11
v  ~StubRoutines::call_stub

---------------  P R O C E S S  ---------------

Java Threads: ( => current thread )
=>0x00007fd2fa926000 JavaThread "RMI TCP Connection(6)-169.231.134.254" daemon [_thread_in_native, id=21255, stack(0x0000000121843000,0x0000000121943000)]
  0x00007fd2fb800000 JavaThread "RMI TCP Connection(5)-127.0.0.1" daemon [_thread_in_native, id=22279, stack(0x000000011f4be000,0x000000011f5be000)]
  0x00007fd2fb04c800 JavaThread "Thread-8" daemon [_thread_blocked, id=26883, stack(0x0000000122364000,0x0000000122464000)]
  0x00007fd2fb04c000 JavaThread "Thread-7" daemon [_thread_blocked, id=26371, stack(0x0000000122261000,0x0000000122361000)]
  0x00007fd2fb04b000 JavaThread "Thread-6" daemon [_thread_blocked, id=25859, stack(0x000000012215e000,0x000000012225e000)]
  0x00007fd2fa0ca800 JavaThread "Thread-5" daemon [_thread_blocked, id=25347, stack(0x000000012205b000,0x000000012215b000)]
  0x00007fd2fa0ca000 JavaThread "Thread-4" daemon [_thread_blocked, id=24835, stack(0x0000000121f58000,0x0000000122058000)]
  0x00007fd2fb8f8000 JavaThread "Thread-3" daemon [_thread_blocked, id=24323, stack(0x0000000121e55000,0x0000000121f55000)]
  0x00007fd2fb8f7800 JavaThread "Thread-2" daemon [_thread_blocked, id=23811, stack(0x0000000121d52000,0x0000000121e52000)]
  0x00007fd2fa841000 JavaThread "Thread-1" daemon [_thread_blocked, id=23299, stack(0x0000000121c4f000,0x0000000121d4f000)]
  0x00007fd2fb04a800 JavaThread "RMI RenewClean-[169.231.134.254:57161]" daemon [_thread_blocked, id=22787, stack(0x0000000121b4c000,0x0000000121c4c000)]
  0x00007fd2fb88b000 JavaThread "RMI Scheduler(0)" daemon [_thread_blocked, id=21763, stack(0x0000000121946000,0x0000000121a46000)]
  0x00007fd2fa83d000 JavaThread "DestroyJavaVM" [_thread_blocked, id=4867, stack(0x0000000108aae000,0x0000000108bae000)]
  0x00007fd2fb8ac000 JavaThread "GC Daemon" daemon [_thread_blocked, id=20739, stack(0x000000012171a000,0x000000012181a000)]
  0x00007fd2fb8ab800 JavaThread "RMI Reaper" [_thread_blocked, id=20227, stack(0x0000000121617000,0x0000000121717000)]
  0x00007fd2fb8a1800 JavaThread "RMI TCP Accept-0" daemon [_thread_in_native, id=19715, stack(0x0000000121514000,0x0000000121614000)]
  0x00007fd2fb8a2800 JavaThread "RMI TCP Accept-8001" daemon [_thread_in_native, id=19203, stack(0x0000000121411000,0x0000000121511000)]
  0x00007fd2fb83d000 JavaThread "Service Thread" daemon [_thread_blocked, id=18179, stack(0x00000001211a9000,0x00000001212a9000)]
  0x00007fd2fa84c800 JavaThread "C1 CompilerThread2" daemon [_thread_blocked, id=17667, stack(0x00000001210a6000,0x00000001211a6000)]
  0x00007fd2fa84b800 JavaThread "C2 CompilerThread1" daemon [_thread_blocked, id=17155, stack(0x0000000120fa3000,0x00000001210a3000)]
  0x00007fd2fb82d800 JavaThread "C2 CompilerThread0" daemon [_thread_blocked, id=16643, stack(0x0000000120ea0000,0x0000000120fa0000)]
  0x00007fd2fb00d000 JavaThread "Signal Dispatcher" daemon [_thread_blocked, id=13331, stack(0x0000000120d9d000,0x0000000120e9d000)]
  0x00007fd2fa028000 JavaThread "Finalizer" daemon [_thread_blocked, id=11523, stack(0x000000011f37a000,0x000000011f47a000)]
  0x00007fd2fa027000 JavaThread "Reference Handler" daemon [_thread_blocked, id=11011, stack(0x000000011f277000,0x000000011f377000)]

Other Threads:
  0x00007fd2fa022800 VMThread [stack: 0x000000011f174000,0x000000011f274000] [id=10499]
  0x00007fd2fb00e000 WatcherThread [stack: 0x00000001212ac000,0x00000001213ac000] [id=18691]

VM state:not at safepoint (normal execution)

VM Mutex/Monitor currently owned by a thread: None

Heap:
 PSYoungGen      total 1536K, used 1233K [0x0000000795580000, 0x0000000795780000, 0x00000007c0000000)
  eden space 1024K, 70% used [0x0000000795580000,0x0000000795634590,0x0000000795680000)
  from space 512K, 100% used [0x0000000795680000,0x0000000795700000,0x0000000795700000)
  to   space 512K, 0% used [0x0000000795700000,0x0000000795700000,0x0000000795780000)
 ParOldGen       total 129536K, used 739K [0x0000000740000000, 0x0000000747e80000, 0x0000000795580000)
  object space 129536K, 0% used [0x0000000740000000,0x00000007400b8fb0,0x0000000747e80000)
 Metaspace       used 6454K, capacity 6604K, committed 6784K, reserved 1056768K
  class space    used 749K, capacity 811K, committed 896K, reserved 1048576K

Card table byte_map: [0x00000001187c9000,0x0000000118bca000] byte_map_base: 0x0000000114dc9000

Marking Bits: (ParMarkBitMap*) 0x000000010843d0a0
 Begin Bits: [0x0000000119281000, 0x000000011b281000)
 End Bits:   [0x000000011b281000, 0x000000011d281000)

Polling page: 0x0000000108bf2000

CodeCache: size=245760Kb used=1714Kb max_used=1714Kb free=244045Kb
 bounds [0x0000000109409000, 0x0000000109679000, 0x0000000118409000]
 total_blobs=612 nmethods=321 adapters=207
 compilation: enabled

Compilation events (10 events):
Event: 17.850 Thread 0x00007fd2fa84c800  314       3       java.io.Bits::getLong (105 bytes)
Event: 17.851 Thread 0x00007fd2fa84c800 nmethod 314 0x00000001095aca90 code [0x00000001095acc00, 0x00000001095aced0]
Event: 119.792 Thread 0x00007fd2fa84c800  317       3       java.lang.ThreadLocal::getMap (5 bytes)
Event: 119.792 Thread 0x00007fd2fa84c800 nmethod 317 0x00000001095ad410 code [0x00000001095ad560, 0x00000001095ad6b0]
Event: 119.870 Thread 0x00007fd2fa84c800  319       3       java.lang.Integer::parseInt (261 bytes)
Event: 119.876 Thread 0x00007fd2fa84c800 nmethod 319 0x00000001095adad0 code [0x00000001095ae1a0, 0x00000001095b2ba8]
Event: 119.876 Thread 0x00007fd2fa84c800  321       3       java.io.ObjectOutputStream$HandleTable::lookup (56 bytes)
Event: 119.877 Thread 0x00007fd2fa84c800 nmethod 321 0x00000001095b5990 code [0x00000001095b5b20, 0x00000001095b5ee8]
Event: 119.877 Thread 0x00007fd2fa84c800  320       3       java.lang.Integer::parseInt (7 bytes)
Event: 119.877 Thread 0x00007fd2fa84c800 nmethod 320 0x00000001095b6150 code [0x00000001095b62c0, 0x00000001095b6428]

GC Heap History (10 events):
Event: 0.215 GC heap before
{Heap before GC invocations=2 (full 0):
 PSYoungGen      total 1024K, used 1008K [0x0000000795580000, 0x0000000795780000, 0x00000007c0000000)
  eden space 512K, 100% used [0x0000000795580000,0x0000000795600000,0x0000000795600000)
  from space 512K, 96% used [0x0000000795600000,0x000000079567c010,0x0000000795680000)
  to   space 512K, 0% used [0x0000000795700000,0x0000000795700000,0x0000000795780000)
 ParOldGen       total 129536K, used 8K [0x0000000740000000, 0x0000000747e80000, 0x0000000795580000)
  object space 129536K, 0% used [0x0000000740000000,0x0000000740002000,0x0000000747e80000)
 Metaspace       used 3581K, capacity 4606K, committed 4864K, reserved 1056768K
  class space    used 401K, capacity 430K, committed 512K, reserved 1048576K
Event: 0.216 GC heap after
Heap after GC invocations=2 (full 0):
 PSYoungGen      total 1536K, used 480K [0x0000000795580000, 0x0000000795780000, 0x00000007c0000000)
  eden space 1024K, 0% used [0x0000000795580000,0x0000000795580000,0x0000000795680000)
  from space 512K, 93% used [0x0000000795700000,0x0000000795778020,0x0000000795780000)
  to   space 512K, 0% used [0x0000000795680000,0x0000000795680000,0x0000000795700000)
 ParOldGen       total 129536K, used 184K [0x0000000740000000, 0x0000000747e80000, 0x0000000795580000)
  object space 129536K, 0% used [0x0000000740000000,0x000000074002e000,0x0000000747e80000)
 Metaspace       used 3581K, capacity 4606K, committed 4864K, reserved 1056768K
  class space    used 401K, capacity 430K, committed 512K, reserved 1048576K
}
Event: 0.286 GC heap before
{Heap before GC invocations=3 (full 0):
 PSYoungGen      total 1536K, used 1004K [0x0000000795580000, 0x0000000795780000, 0x00000007c0000000)
  eden space 1024K, 51% used [0x0000000795580000,0x00000007956033c8,0x0000000795680000)
  from space 512K, 93% used [0x0000000795700000,0x0000000795778020,0x0000000795780000)
  to   space 512K, 0% used [0x0000000795680000,0x0000000795680000,0x0000000795700000)
 ParOldGen       total 129536K, used 184K [0x0000000740000000, 0x0000000747e80000, 0x0000000795580000)
  object space 129536K, 0% used [0x0000000740000000,0x000000074002e000,0x0000000747e80000)
 Metaspace       used 4574K, capacity 4734K, committed 4992K, reserved 1056768K
  class space    used 531K, capacity 558K, committed 640K, reserved 1048576K
Event: 0.289 GC heap after
Heap after GC invocations=3 (full 0):
 PSYoungGen      total 1536K, used 512K [0x0000000795580000, 0x0000000795780000, 0x00000007c0000000)
  eden space 1024K, 0% used [0x0000000795580000,0x0000000795580000,0x0000000795680000)
  from space 512K, 100% used [0x0000000795680000,0x0000000795700000,0x0000000795700000)
  to   space 512K, 0% used [0x0000000795700000,0x0000000795700000,0x0000000795780000)
 ParOldGen       total 129536K, used 280K [0x0000000740000000, 0x0000000747e80000, 0x0000000795580000)
  object space 129536K, 0% used [0x0000000740000000,0x0000000740046010,0x0000000747e80000)
 Metaspace       used 4574K, capacity 4734K, committed 4992K, reserved 1056768K
  class space    used 531K, capacity 558K, committed 640K, reserved 1048576K
}
Event: 0.289 GC heap before
{Heap before GC invocations=4 (full 1):
 PSYoungGen      total 1536K, used 512K [0x0000000795580000, 0x0000000795780000, 0x00000007c0000000)
  eden space 1024K, 0% used [0x0000000795580000,0x0000000795580000,0x0000000795680000)
  from space 512K, 100% used [0x0000000795680000,0x0000000795700000,0x0000000795700000)
  to   space 512K, 0% used [0x0000000795700000,0x0000000795700000,0x0000000795780000)
 ParOldGen       total 129536K, used 280K [0x0000000740000000, 0x0000000747e80000, 0x0000000795580000)
  object space 129536K, 0% used [0x0000000740000000,0x0000000740046010,0x0000000747e80000)
 Metaspace       used 4574K, capacity 4734K, committed 4992K, reserved 1056768K
  class space    used 531K, capacity 558K, committed 640K, reserved 1048576K
Event: 0.297 GC heap after
Heap after GC invocations=4 (full 1):
 PSYoungGen      total 1536K, used 0K [0x0000000795580000, 0x0000000795780000, 0x00000007c0000000)
  eden space 1024K, 0% used [0x0000000795580000,0x0000000795580000,0x0000000795680000)
  from space 512K, 0% used [0x0000000795680000,0x0000000795680000,0x0000000795700000)
  to   space 512K, 0% used [0x0000000795700000,0x0000000795700000,0x0000000795780000)
 ParOldGen       total 129536K, used 707K [0x0000000740000000, 0x0000000747e80000, 0x0000000795580000)
  object space 129536K, 0% used [0x0000000740000000,0x00000007400b0fb0,0x0000000747e80000)
 Metaspace       used 4574K, capacity 4734K, committed 4992K, reserved 1056768K
  class space    used 531K, capacity 558K, committed 640K, reserved 1048576K
}
Event: 7.238 GC heap before
{Heap before GC invocations=5 (full 1):
 PSYoungGen      total 1536K, used 1024K [0x0000000795580000, 0x0000000795780000, 0x00000007c0000000)
  eden space 1024K, 100% used [0x0000000795580000,0x0000000795680000,0x0000000795680000)
  from space 512K, 0% used [0x0000000795680000,0x0000000795680000,0x0000000795700000)
  to   space 512K, 0% used [0x0000000795700000,0x0000000795700000,0x0000000795780000)
 ParOldGen       total 129536K, used 707K [0x0000000740000000, 0x0000000747e80000, 0x0000000795580000)
  object space 129536K, 0% used [0x0000000740000000,0x00000007400b0fb0,0x0000000747e80000)
 Metaspace       used 5816K, capacity 5910K, committed 6144K, reserved 1056768K
  class space    used 688K, capacity 699K, committed 768K, reserved 1048576K
Event: 7.239 GC heap after
Heap after GC invocations=5 (full 1):
 PSYoungGen      total 1536K, used 384K [0x0000000795580000, 0x0000000795880000, 0x00000007c0000000)
  eden space 1024K, 0% used [0x0000000795580000,0x0000000795580000,0x0000000795680000)
  from space 512K, 75% used [0x0000000795700000,0x0000000795760000,0x0000000795780000)
  to   space 512K, 0% used [0x0000000795680000,0x0000000795680000,0x0000000795700000)
 ParOldGen       total 129536K, used 715K [0x0000000740000000, 0x0000000747e80000, 0x0000000795580000)
  object space 129536K, 0% used [0x0000000740000000,0x00000007400b2fb0,0x0000000747e80000)
 Metaspace       used 5816K, capacity 5910K, committed 6144K, reserved 1056768K
  class space    used 688K, capacity 699K, committed 768K, reserved 1048576K
}
Event: 17.774 GC heap before
{Heap before GC invocations=6 (full 1):
 PSYoungGen      total 1536K, used 1408K [0x0000000795580000, 0x0000000795880000, 0x00000007c0000000)
  eden space 1024K, 100% used [0x0000000795580000,0x0000000795680000,0x0000000795680000)
  from space 512K, 75% used [0x0000000795700000,0x0000000795760000,0x0000000795780000)
  to   space 512K, 0% used [0x0000000795680000,0x0000000795680000,0x0000000795700000)
 ParOldGen       total 129536K, used 715K [0x0000000740000000, 0x0000000747e80000, 0x0000000795580000)
  object space 129536K, 0% used [0x0000000740000000,0x00000007400b2fb0,0x0000000747e80000)
 Metaspace       used 6172K, capacity 6356K, committed 6528K, reserved 1056768K
  class space    used 727K, capacity 775K, committed 896K, reserved 1048576K
Event: 17.776 GC heap after
Heap after GC invocations=6 (full 1):
 PSYoungGen      total 1536K, used 512K [0x0000000795580000, 0x0000000795780000, 0x00000007c0000000)
  eden space 1024K, 0% used [0x0000000795580000,0x0000000795580000,0x0000000795680000)
  from space 512K, 100% used [0x0000000795680000,0x0000000795700000,0x0000000795700000)
  to   space 512K, 0% used [0x0000000795700000,0x0000000795700000,0x0000000795780000)
 ParOldGen       total 129536K, used 739K [0x0000000740000000, 0x0000000747e80000, 0x0000000795580000)
  object space 129536K, 0% used [0x0000000740000000,0x00000007400b8fb0,0x0000000747e80000)
 Metaspace       used 6172K, capacity 6356K, committed 6528K, reserved 1056768K
  class space    used 727K, capacity 775K, committed 896K, reserved 1048576K
}

Deoptimization events (0 events):
No events

Internal exceptions (10 events):
Event: 17.714 Thread 0x00007fd2fa032000 Exception <a 'java/security/PrivilegedActionException'> (0x0000000795628ec0) thrown at [/HUDSON/workspace/8-2-build-macosx-x86_64/jdk8/2238/hotspot/src/share/vm/prims/jvm.cpp, line 1248]
Event: 17.715 Thread 0x00007fd2fa032000 Exception <a 'java/security/PrivilegedActionException'> (0x000000079562e470) thrown at [/HUDSON/workspace/8-2-build-macosx-x86_64/jdk8/2238/hotspot/src/share/vm/prims/jvm.cpp, line 1248]
Event: 17.717 Thread 0x00007fd2fa032000 Exception <a 'java/lang/NoSuchMethodError': <clinit>> (0x0000000795636b20) thrown at [/HUDSON/workspace/8-2-build-macosx-x86_64/jdk8/2238/hotspot/src/share/vm/prims/jni.cpp, line 1599]
Event: 17.757 Thread 0x00007fd2fa841000 Exception <a 'java/lang/NoSuchMethodError': <clinit>> (0x0000000795642b30) thrown at [/HUDSON/workspace/8-2-build-macosx-x86_64/jdk8/2238/hotspot/src/share/vm/prims/jni.cpp, line 1599]
Event: 17.759 Thread 0x00007fd2fa841000 Exception <a 'java/lang/NoSuchMethodError': <clinit>> (0x000000079564a808) thrown at [/HUDSON/workspace/8-2-build-macosx-x86_64/jdk8/2238/hotspot/src/share/vm/prims/jni.cpp, line 1599]
Event: 17.762 Thread 0x00007fd2fa841000 Exception <a 'java/lang/NoSuchMethodError': <clinit>> (0x0000000795657bf8) thrown at [/HUDSON/workspace/8-2-build-macosx-x86_64/jdk8/2238/hotspot/src/share/vm/prims/jni.cpp, line 1599]
Event: 17.762 Thread 0x00007fd2fa841000 Exception <a 'java/lang/NoSuchMethodError': <clinit>> (0x000000079565faf8) thrown at [/HUDSON/workspace/8-2-build-macosx-x86_64/jdk8/2238/hotspot/src/share/vm/prims/jni.cpp, line 1599]
Event: 17.817 Thread 0x00007fd2fb04c000 Exception <a 'java/lang/NoSuchMethodError': <clinit>> (0x00000007955dedf8) thrown at [/HUDSON/workspace/8-2-build-macosx-x86_64/jdk8/2238/hotspot/src/share/vm/prims/jni.cpp, line 1599]
Event: 17.830 Thread 0x00007fd2fb04c000 Exception <a 'java/lang/NoSuchMethodError': <clinit>> (0x00000007955efa00) thrown at [/HUDSON/workspace/8-2-build-macosx-x86_64/jdk8/2238/hotspot/src/share/vm/prims/jni.cpp, line 1599]
Event: 119.917 Thread 0x00007fd2fa926000 Exception <a 'java/security/PrivilegedActionException'> (0x0000000795633478) thrown at [/HUDSON/workspace/8-2-build-macosx-x86_64/jdk8/2238/hotspot/src/share/vm/prims/jvm.cpp, line 1248]

Events (10 events):
Event: 97.133 Thread 0x00007fd2fb05d000 Thread exited: 0x00007fd2fb05d000
Event: 97.197 Thread 0x00007fd2fb800000 Thread exited: 0x00007fd2fb800000
Event: 119.767 Thread 0x00007fd2fb800000 Thread added: 0x00007fd2fb800000
Event: 119.767 Executing VM operation: RevokeBias
Event: 119.768 Executing VM operation: RevokeBias done
Event: 119.857 Thread 0x00007fd2fa926000 Thread added: 0x00007fd2fa926000
Event: 119.857 Executing VM operation: RevokeBias
Event: 119.857 Executing VM operation: RevokeBias done
Event: 119.917 loading class applications/euclideantsp/TaskEuclideanTsp
Event: 119.917 loading class applications/euclideantsp/TaskEuclideanTsp done


Dynamic libraries:
0x000000000364f000 	/System/Library/Frameworks/Cocoa.framework/Versions/A/Cocoa
0x000000000364f000 	/System/Library/Frameworks/Security.framework/Versions/A/Security
0x000000000364f000 	/System/Library/Frameworks/ApplicationServices.framework/Versions/A/ApplicationServices
0x000000000364f000 	/usr/lib/libz.1.dylib
0x000000000364f000 	/usr/lib/libSystem.B.dylib
0x000000000364f000 	/usr/lib/libobjc.A.dylib
0x000000000364f000 	/System/Library/Frameworks/CoreFoundation.framework/Versions/A/CoreFoundation
0x000000000364f000 	/System/Library/Frameworks/Foundation.framework/Versions/C/Foundation
0x000000000364f000 	/System/Library/Frameworks/AppKit.framework/Versions/C/AppKit
0x000000000364f000 	/System/Library/Frameworks/CoreData.framework/Versions/A/CoreData
0x000000000364f000 	/System/Library/PrivateFrameworks/RemoteViewServices.framework/Versions/A/RemoteViewServices
0x000000000364f000 	/System/Library/PrivateFrameworks/UIFoundation.framework/Versions/A/UIFoundation
0x000000000364f000 	/System/Library/Frameworks/IOSurface.framework/Versions/A/IOSurface
0x000000000364f000 	/System/Library/Frameworks/AudioToolbox.framework/Versions/A/AudioToolbox
0x000000000364f000 	/System/Library/Frameworks/AudioUnit.framework/Versions/A/AudioUnit
0x000000000364f000 	/System/Library/PrivateFrameworks/DataDetectorsCore.framework/Versions/A/DataDetectorsCore
0x000000000364f000 	/System/Library/PrivateFrameworks/DesktopServicesPriv.framework/Versions/A/DesktopServicesPriv
0x000000000364f000 	/System/Library/Frameworks/Carbon.framework/Versions/A/Frameworks/HIToolbox.framework/Versions/A/HIToolbox
0x000000000364f000 	/System/Library/Frameworks/QuartzCore.framework/Versions/A/QuartzCore
0x000000000364f000 	/System/Library/Frameworks/Carbon.framework/Versions/A/Frameworks/SpeechRecognition.framework/Versions/A/SpeechRecognition
0x000000000364f000 	/usr/lib/libauto.dylib
0x000000000364f000 	/usr/lib/libicucore.A.dylib
0x000000000364f000 	/usr/lib/libxml2.2.dylib
0x000000000364f000 	/System/Library/PrivateFrameworks/CoreUI.framework/Versions/A/CoreUI
0x000000000364f000 	/System/Library/Frameworks/CoreAudio.framework/Versions/A/CoreAudio
0x000000000364f000 	/System/Library/Frameworks/DiskArbitration.framework/Versions/A/DiskArbitration
0x000000000364f000 	/usr/lib/liblangid.dylib
0x000000000364f000 	/System/Library/PrivateFrameworks/MultitouchSupport.framework/Versions/A/MultitouchSupport
0x000000000364f000 	/System/Library/Frameworks/IOKit.framework/Versions/A/IOKit
0x000000000364f000 	/usr/lib/libDiagnosticMessagesClient.dylib
0x000000000364f000 	/System/Library/Frameworks/CoreServices.framework/Versions/A/CoreServices
0x000000000364f000 	/System/Library/PrivateFrameworks/PerformanceAnalysis.framework/Versions/A/PerformanceAnalysis
0x000000000364f000 	/System/Library/PrivateFrameworks/GenerationalStorage.framework/Versions/A/GenerationalStorage
0x000000000364f000 	/System/Library/Frameworks/OpenGL.framework/Versions/A/OpenGL
0x000000000364f000 	/System/Library/PrivateFrameworks/Sharing.framework/Versions/A/Sharing
0x000000000364f000 	/System/Library/Frameworks/CoreGraphics.framework/Versions/A/CoreGraphics
0x000000000364f000 	/System/Library/Frameworks/CoreText.framework/Versions/A/CoreText
0x000000000364f000 	/System/Library/Frameworks/ImageIO.framework/Versions/A/ImageIO
0x000000000364f000 	/usr/lib/libextension.dylib
0x000000000364f000 	/System/Library/PrivateFrameworks/Backup.framework/Versions/A/Backup
0x000000000364f000 	/usr/lib/libarchive.2.dylib
0x000000000364f000 	/System/Library/Frameworks/CFNetwork.framework/Versions/A/CFNetwork
0x000000000364f000 	/System/Library/Frameworks/SystemConfiguration.framework/Versions/A/SystemConfiguration
0x000000000364f000 	/usr/lib/libCRFSuite.dylib
0x000000000364f000 	/usr/lib/libc++.1.dylib
0x000000000364f000 	/usr/lib/libc++abi.dylib
0x000000000364f000 	/usr/lib/system/libcache.dylib
0x000000000364f000 	/usr/lib/system/libcommonCrypto.dylib
0x000000000364f000 	/usr/lib/system/libcompiler_rt.dylib
0x000000000364f000 	/usr/lib/system/libcopyfile.dylib
0x000000000364f000 	/usr/lib/system/libcorecrypto.dylib
0x000000000364f000 	/usr/lib/system/libdispatch.dylib
0x000000000364f000 	/usr/lib/system/libdyld.dylib
0x000000000364f000 	/usr/lib/system/libkeymgr.dylib
0x000000000364f000 	/usr/lib/system/liblaunch.dylib
0x000000000364f000 	/usr/lib/system/libmacho.dylib
0x000000000364f000 	/usr/lib/system/libquarantine.dylib
0x000000000364f000 	/usr/lib/system/libremovefile.dylib
0x000000000364f000 	/usr/lib/system/libsystem_asl.dylib
0x000000000364f000 	/usr/lib/system/libsystem_blocks.dylib
0x000000000364f000 	/usr/lib/system/libsystem_c.dylib
0x000000000364f000 	/usr/lib/system/libsystem_configuration.dylib
0x000000000364f000 	/usr/lib/system/libsystem_coreservices.dylib
0x000000000364f000 	/usr/lib/system/libsystem_coretls.dylib
0x000000000364f000 	/usr/lib/system/libsystem_dnssd.dylib
0x000000000364f000 	/usr/lib/system/libsystem_info.dylib
0x000000000364f000 	/usr/lib/system/libsystem_kernel.dylib
0x000000000364f000 	/usr/lib/system/libsystem_m.dylib
0x000000000364f000 	/usr/lib/system/libsystem_malloc.dylib
0x000000000364f000 	/usr/lib/system/libsystem_network.dylib
0x000000000364f000 	/usr/lib/system/libsystem_networkextension.dylib
0x000000000364f000 	/usr/lib/system/libsystem_notify.dylib
0x000000000364f000 	/usr/lib/system/libsystem_platform.dylib
0x000000000364f000 	/usr/lib/system/libsystem_pthread.dylib
0x000000000364f000 	/usr/lib/system/libsystem_sandbox.dylib
0x000000000364f000 	/usr/lib/system/libsystem_secinit.dylib
0x000000000364f000 	/usr/lib/system/libsystem_stats.dylib
0x000000000364f000 	/usr/lib/system/libsystem_trace.dylib
0x000000000364f000 	/usr/lib/system/libunc.dylib
0x000000000364f000 	/usr/lib/system/libunwind.dylib
0x000000000364f000 	/usr/lib/system/libxpc.dylib
0x000000000364f000 	/usr/lib/libbz2.1.0.dylib
0x000000000364f000 	/usr/lib/liblzma.5.dylib
0x000000000364f000 	/usr/lib/libbsm.0.dylib
0x000000000364f000 	/usr/lib/libsqlite3.dylib
0x000000000364f000 	/usr/lib/system/libkxld.dylib
0x000000000364f000 	/usr/lib/libxar.1.dylib
0x000000000364f000 	/usr/lib/libpam.2.dylib
0x000000000364f000 	/usr/lib/libOpenScriptingUtil.dylib
0x000000000364f000 	/System/Library/Frameworks/CoreServices.framework/Versions/A/Frameworks/FSEvents.framework/Versions/A/FSEvents
0x000000000364f000 	/System/Library/Frameworks/CoreServices.framework/Versions/A/Frameworks/CarbonCore.framework/Versions/A/CarbonCore
0x000000000364f000 	/System/Library/Frameworks/CoreServices.framework/Versions/A/Frameworks/Metadata.framework/Versions/A/Metadata
0x000000000364f000 	/System/Library/Frameworks/CoreServices.framework/Versions/A/Frameworks/OSServices.framework/Versions/A/OSServices
0x000000000364f000 	/System/Library/Frameworks/CoreServices.framework/Versions/A/Frameworks/SearchKit.framework/Versions/A/SearchKit
0x000000000364f000 	/System/Library/Frameworks/CoreServices.framework/Versions/A/Frameworks/AE.framework/Versions/A/AE
0x000000000364f000 	/System/Library/Frameworks/CoreServices.framework/Versions/A/Frameworks/LaunchServices.framework/Versions/A/LaunchServices
0x000000000364f000 	/System/Library/Frameworks/CoreServices.framework/Versions/A/Frameworks/DictionaryServices.framework/Versions/A/DictionaryServices
0x000000000364f000 	/System/Library/Frameworks/NetFS.framework/Versions/A/NetFS
0x000000000364f000 	/System/Library/PrivateFrameworks/NetAuth.framework/Versions/A/NetAuth
0x000000000364f000 	/System/Library/PrivateFrameworks/login.framework/Versions/A/Frameworks/loginsupport.framework/Versions/A/loginsupport
0x000000000364f000 	/System/Library/PrivateFrameworks/TCC.framework/Versions/A/TCC
0x000000000364f000 	/usr/lib/libmecabra.dylib
0x000000000364f000 	/System/Library/Frameworks/ApplicationServices.framework/Versions/A/Frameworks/ATS.framework/Versions/A/ATS
0x000000000364f000 	/System/Library/Frameworks/ApplicationServices.framework/Versions/A/Frameworks/ColorSync.framework/Versions/A/ColorSync
0x000000000364f000 	/System/Library/Frameworks/ApplicationServices.framework/Versions/A/Frameworks/HIServices.framework/Versions/A/HIServices
0x000000000364f000 	/System/Library/Frameworks/ApplicationServices.framework/Versions/A/Frameworks/LangAnalysis.framework/Versions/A/LangAnalysis
0x000000000364f000 	/System/Library/Frameworks/ApplicationServices.framework/Versions/A/Frameworks/PrintCore.framework/Versions/A/PrintCore
0x000000000364f000 	/System/Library/Frameworks/ApplicationServices.framework/Versions/A/Frameworks/QD.framework/Versions/A/QD
0x000000000364f000 	/System/Library/Frameworks/ApplicationServices.framework/Versions/A/Frameworks/SpeechSynthesis.framework/Versions/A/SpeechSynthesis
0x000000000364f000 	/System/Library/Frameworks/Accelerate.framework/Versions/A/Accelerate
0x000000000364f000 	/System/Library/Frameworks/Accelerate.framework/Versions/A/Frameworks/vImage.framework/Versions/A/vImage
0x000000000364f000 	/System/Library/Frameworks/Accelerate.framework/Versions/A/Frameworks/vecLib.framework/Versions/A/vecLib
0x000000000364f000 	/System/Library/Frameworks/Accelerate.framework/Versions/A/Frameworks/vecLib.framework/Versions/A/libvDSP.dylib
0x000000000364f000 	/System/Library/Frameworks/Accelerate.framework/Versions/A/Frameworks/vecLib.framework/Versions/A/libvMisc.dylib
0x000000000364f000 	/System/Library/Frameworks/Accelerate.framework/Versions/A/Frameworks/vecLib.framework/Versions/A/libLAPACK.dylib
0x000000000364f000 	/System/Library/Frameworks/Accelerate.framework/Versions/A/Frameworks/vecLib.framework/Versions/A/libBLAS.dylib
0x000000000364f000 	/System/Library/Frameworks/Accelerate.framework/Versions/A/Frameworks/vecLib.framework/Versions/A/libLinearAlgebra.dylib
0x000000000364f000 	/System/Library/Frameworks/ApplicationServices.framework/Versions/A/Frameworks/ATS.framework/Versions/A/Resources/libFontParser.dylib
0x000000000364f000 	/System/Library/Frameworks/ApplicationServices.framework/Versions/A/Frameworks/ATS.framework/Versions/A/Resources/libFontRegistry.dylib
0x000000000364f000 	/System/Library/PrivateFrameworks/AppleVPA.framework/Versions/A/AppleVPA
0x000000000364f000 	/System/Library/PrivateFrameworks/AppleJPEG.framework/Versions/A/AppleJPEG
0x000000000364f000 	/System/Library/Frameworks/ImageIO.framework/Versions/A/Resources/libJPEG.dylib
0x000000000364f000 	/System/Library/Frameworks/ImageIO.framework/Versions/A/Resources/libTIFF.dylib
0x000000000364f000 	/System/Library/Frameworks/ImageIO.framework/Versions/A/Resources/libPng.dylib
0x000000000364f000 	/System/Library/Frameworks/ImageIO.framework/Versions/A/Resources/libGIF.dylib
0x000000000364f000 	/System/Library/Frameworks/ImageIO.framework/Versions/A/Resources/libJP2.dylib
0x000000000364f000 	/System/Library/Frameworks/ImageIO.framework/Versions/A/Resources/libRadiance.dylib
0x000000000364f000 	/System/Library/Frameworks/CoreVideo.framework/Versions/A/CoreVideo
0x000000000364f000 	/System/Library/Frameworks/OpenGL.framework/Versions/A/Libraries/libGLU.dylib
0x000000000364f000 	/System/Library/Frameworks/OpenGL.framework/Versions/A/Libraries/libGFXShared.dylib
0x000000000364f000 	/System/Library/Frameworks/OpenGL.framework/Versions/A/Libraries/libGL.dylib
0x000000000364f000 	/System/Library/Frameworks/OpenGL.framework/Versions/A/Libraries/libGLImage.dylib
0x000000000364f000 	/System/Library/Frameworks/OpenGL.framework/Versions/A/Libraries/libCVMSPluginSupport.dylib
0x000000000364f000 	/System/Library/Frameworks/OpenGL.framework/Versions/A/Libraries/libCoreVMClient.dylib
0x000000000364f000 	/usr/lib/libcups.2.dylib
0x000000000364f000 	/System/Library/Frameworks/Kerberos.framework/Versions/A/Kerberos
0x000000000364f000 	/System/Library/Frameworks/GSS.framework/Versions/A/GSS
0x000000000364f000 	/usr/lib/libresolv.9.dylib
0x000000000364f000 	/usr/lib/libiconv.2.dylib
0x000000000364f000 	/System/Library/PrivateFrameworks/Heimdal.framework/Versions/A/Heimdal
0x000000000364f000 	/usr/lib/libheimdal-asn1.dylib
0x000000000364f000 	/System/Library/Frameworks/OpenDirectory.framework/Versions/A/OpenDirectory
0x000000000364f000 	/System/Library/PrivateFrameworks/CommonAuth.framework/Versions/A/CommonAuth
0x000000000364f000 	/System/Library/Frameworks/OpenDirectory.framework/Versions/A/Frameworks/CFOpenDirectory.framework/Versions/A/CFOpenDirectory
0x000000000364f000 	/System/Library/Frameworks/SecurityFoundation.framework/Versions/A/SecurityFoundation
0x000000000364f000 	/System/Library/PrivateFrameworks/LanguageModeling.framework/Versions/A/LanguageModeling
0x000000000364f000 	/usr/lib/libcmph.dylib
0x000000000364f000 	/System/Library/Frameworks/ServiceManagement.framework/Versions/A/ServiceManagement
0x000000000364f000 	/usr/lib/libxslt.1.dylib
0x000000000364f000 	/System/Library/Frameworks/Carbon.framework/Versions/A/Frameworks/Ink.framework/Versions/A/Ink
0x000000000364f000 	/System/Library/Frameworks/QuartzCore.framework/Versions/A/Frameworks/CoreImage.framework/Versions/A/CoreImage
0x000000000364f000 	/System/Library/PrivateFrameworks/CrashReporterSupport.framework/Versions/A/CrashReporterSupport
0x000000000364f000 	/System/Library/Frameworks/OpenCL.framework/Versions/A/OpenCL
0x000000000364f000 	/System/Library/PrivateFrameworks/FaceCore.framework/Versions/A/FaceCore
0x000000000364f000 	/System/Library/PrivateFrameworks/Ubiquity.framework/Versions/A/Ubiquity
0x000000000364f000 	/System/Library/PrivateFrameworks/IconServices.framework/Versions/A/IconServices
0x000000000364f000 	/System/Library/PrivateFrameworks/ChunkingLibrary.framework/Versions/A/ChunkingLibrary
0x000000000364f000 	/System/Library/PrivateFrameworks/Apple80211.framework/Versions/A/Apple80211
0x000000000364f000 	/System/Library/Frameworks/CoreWLAN.framework/Versions/A/CoreWLAN
0x000000000364f000 	/System/Library/Frameworks/IOBluetooth.framework/Versions/A/IOBluetooth
0x000000000364f000 	/System/Library/PrivateFrameworks/CoreWiFi.framework/Versions/A/CoreWiFi
0x000000000364f000 	/System/Library/Frameworks/CoreBluetooth.framework/Versions/A/CoreBluetooth
0x000000000364f000 	/System/Library/PrivateFrameworks/DebugSymbols.framework/Versions/A/DebugSymbols
0x000000000364f000 	/System/Library/PrivateFrameworks/CoreSymbolication.framework/Versions/A/CoreSymbolication
0x000000000364f000 	/System/Library/PrivateFrameworks/Symbolication.framework/Versions/A/Symbolication
0x000000000364f000 	/System/Library/PrivateFrameworks/SpeechRecognitionCore.framework/Versions/A/SpeechRecognitionCore
0x0000000107bd7000 	/Library/Java/JavaVirtualMachines/jdk1.8.0.jdk/Contents/Home/jre/lib/server/libjvm.dylib
0x000000000364f000 	/usr/lib/libstdc++.6.dylib
0x0000000108bb0000 	/Library/Java/JavaVirtualMachines/jdk1.8.0.jdk/Contents/Home/jre/lib/libverify.dylib
0x0000000108bbe000 	/Library/Java/JavaVirtualMachines/jdk1.8.0.jdk/Contents/Home/jre/lib/libjava.dylib
0x0000000109400000 	/Library/Java/JavaVirtualMachines/jdk1.8.0.jdk/Contents/Home/jre/lib/libzip.dylib
0x000000011f47c000 	/System/Library/Frameworks/JavaVM.framework/Frameworks/JavaRuntimeSupport.framework/JavaRuntimeSupport
0x000000011f492000 	/System/Library/Frameworks/JavaVM.framework/Versions/A/Frameworks/JavaNativeFoundation.framework/Versions/A/JavaNativeFoundation
0x000000011f4a6000 	/System/Library/Frameworks/JavaVM.framework/Versions/A/JavaVM
0x000000000364f000 	/System/Library/Frameworks/Carbon.framework/Versions/A/Carbon
0x000000011f4b2000 	/System/Library/PrivateFrameworks/JavaLaunching.framework/Versions/A/JavaLaunching
0x000000000364f000 	/System/Library/Frameworks/Carbon.framework/Versions/A/Frameworks/CommonPanels.framework/Versions/A/CommonPanels
0x000000000364f000 	/System/Library/Frameworks/Carbon.framework/Versions/A/Frameworks/Help.framework/Versions/A/Help
0x000000000364f000 	/System/Library/Frameworks/Carbon.framework/Versions/A/Frameworks/ImageCapture.framework/Versions/A/ImageCapture
0x000000000364f000 	/System/Library/Frameworks/Carbon.framework/Versions/A/Frameworks/OpenScripting.framework/Versions/A/OpenScripting
0x000000000364f000 	/System/Library/Frameworks/Carbon.framework/Versions/A/Frameworks/Print.framework/Versions/A/Print
0x000000000364f000 	/System/Library/Frameworks/Carbon.framework/Versions/A/Frameworks/SecurityHI.framework/Versions/A/SecurityHI
0x00000001213b2000 	/Library/Java/JavaVirtualMachines/jdk1.8.0.jdk/Contents/Home/jre/lib/libnet.dylib

VM Arguments:
jvm_args: -Djava.security.policy=policy 
java_command: system.SpaceImpl
java_class_path (initial): /Users/petercappello/NetBeansProjects/cs290bHw4/cs290bHw4/dist/dist.jar
Launcher Type: SUN_STANDARD

Environment Variables:
PATH=/usr/bin:/bin:/usr/sbin:/sbin
LD_LIBRARY_PATH=/Library/Java/JavaVirtualMachines/jdk1.8.0.jdk/Contents/Home/jre/lib/amd64:/Library/Java/JavaVirtualMachines/jdk1.8.0.jdk/Contents/Home/jre/lib/i386:
SHELL=/bin/bash
DYLD_LIBRARY_PATH=/Applications/NetBeans/NetBeans 8.0.app/Contents/Resources/NetBeans/webcommon/bin:

Signal Handlers:
SIGSEGV: [libjvm.dylib+0x55faef], sa_mask[0]=0xfffefeff, sa_flags=0x00000043
SIGBUS: [libjvm.dylib+0x55faef], sa_mask[0]=0xfffefeff, sa_flags=0x00000042
SIGFPE: [libjvm.dylib+0x44305a], sa_mask[0]=0xfffefeff, sa_flags=0x00000042
SIGPIPE: [libjvm.dylib+0x44305a], sa_mask[0]=0xfffefeff, sa_flags=0x00000042
SIGXFSZ: [libjvm.dylib+0x44305a], sa_mask[0]=0xfffefeff, sa_flags=0x00000042
SIGILL: [libjvm.dylib+0x44305a], sa_mask[0]=0xfffefeff, sa_flags=0x00000042
SIGUSR1: SIG_DFL, sa_mask[0]=0x00000000, sa_flags=0x00000000
SIGUSR2: [libjvm.dylib+0x442b78], sa_mask[0]=0x00000004, sa_flags=0x00000042
SIGHUP: [libjvm.dylib+0x440f05], sa_mask[0]=0xfffefeff, sa_flags=0x00000042
SIGINT: SIG_IGN, sa_mask[0]=0x00000000, sa_flags=0x00000000
SIGTERM: [libjvm.dylib+0x440f05], sa_mask[0]=0xfffefeff, sa_flags=0x00000042
SIGQUIT: [libjvm.dylib+0x440f05], sa_mask[0]=0xfffefeff, sa_flags=0x00000042


---------------  S Y S T E M  ---------------

OS:Bsduname:Darwin 14.3.0 Darwin Kernel Version 14.3.0: Mon Mar 23 11:59:05 PDT 2015; root:xnu-2782.20.48~5/RELEASE_X86_64 x86_64
rlimit: STACK 8192k, CORE 0k, NPROC 709, NOFILE 10240, AS infinity
load average:1.83 1.74 1.66

CPU:total 4 (2 cores per cpu, 2 threads per core) family 6 model 69 stepping 1, cmov, cx8, fxsr, mmx, sse, sse2, sse3, ssse3, sse4.1, sse4.2, popcnt, avx, avx2, aes, clmul, erms, ht, tsc, tscinvbit

Memory: 4k page, physical 8388608k(16728k free)

/proc/meminfo:


vm_info: Java HotSpot(TM) 64-Bit Server VM (25.0-b70) for bsd-amd64 JRE (1.8.0-b132), built on Mar  4 2014 03:11:43 by "java_re" with gcc 4.2.1 (Based on Apple Inc. build 5658) (LLVM build 2336.11.00)

time: Mon May 11 12:46:20 2015
elapsed time: 119 seconds

